\BOOKMARK [1][-]{section.1}{Introducci\363n con ejemplos}{}% 1
\BOOKMARK [1][-]{section.2}{Hola}{}% 2
\BOOKMARK [2][-]{subsection.2.1}{Introducci\363n}{section.2}% 3
\BOOKMARK [1][-]{section.3}{Introducci\363n}{}% 4
\BOOKMARK [2][-]{subsection.3.1}{Investigaci\363n de campos}{section.3}% 5
\BOOKMARK [2][-]{subsection.3.2}{Revisi\363n del estado del arte}{section.3}% 6
\BOOKMARK [2][-]{subsection.3.3}{Influencias tecnol\363gicas}{section.3}% 7
\BOOKMARK [2][-]{subsection.3.4}{Propuestas y objetivos}{section.3}% 8
\BOOKMARK [1][-]{section.4}{Requisitos y base de datos}{}% 9
\BOOKMARK [2][-]{subsection.4.1}{Requisitos}{section.4}% 10
\BOOKMARK [2][-]{subsection.4.2}{Base de datos}{section.4}% 11
\BOOKMARK [3][-]{subsubsection.4.2.1}{Modelo entidad-relaci\363n}{subsection.4.2}% 12
\BOOKMARK [3][-]{subsubsection.4.2.2}{Modelo relacional}{subsection.4.2}% 13
\BOOKMARK [3][-]{subsubsection.4.2.3}{Estructura de las tablas}{subsection.4.2}% 14
\BOOKMARK [1][-]{section.5}{Manual de instalaci\363n}{}% 15
\BOOKMARK [2][-]{subsection.5.1}{Instalaci\363n paso a paso}{section.5}% 16
\BOOKMARK [1][-]{appendix.Alph1}{Todos los requisitos de Duocode}{}% 17
\BOOKMARK [2][-]{subsection.Alph1.1}{localhost/duocode/rest/temas}{appendix.Alph1}% 18
\BOOKMARK [2][-]{subsection.Alph1.2}{localhost/duocode/rest/temas/idTema}{appendix.Alph1}% 19
\BOOKMARK [2][-]{subsection.Alph1.3}{localhost/duocode/rest/lecciones/}{appendix.Alph1}% 20
\BOOKMARK [2][-]{subsection.Alph1.4}{localhost/duocode/rest/lecciones/idLeccion}{appendix.Alph1}% 21
\BOOKMARK [2][-]{subsection.Alph1.5}{localhost/duocode/rest/ejercicios}{appendix.Alph1}% 22
\BOOKMARK [2][-]{subsection.Alph1.6}{localhost/duocode/rest/ejercicios/idEjercicio}{appendix.Alph1}% 23
\BOOKMARK [2][-]{subsection.Alph1.7}{localhost/duocode/rest/enunciados}{appendix.Alph1}% 24
\BOOKMARK [2][-]{subsection.Alph1.8}{localhost/duocode/rest/enunciados/idEnunciado}{appendix.Alph1}% 25
\BOOKMARK [2][-]{subsection.Alph1.9}{localhost/duocode/rest/lenguajes/}{appendix.Alph1}% 26
\BOOKMARK [2][-]{subsection.Alph1.10}{localhost/duocode/rest/candidatos/}{appendix.Alph1}% 27
\BOOKMARK [2][-]{subsection.Alph1.11}{localhost/duocode/rest/candidatos/idCandidato}{appendix.Alph1}% 28
\BOOKMARK [2][-]{subsection.Alph1.12}{localhost/duocode/rest/usuarios/}{appendix.Alph1}% 29
\BOOKMARK [2][-]{subsection.Alph1.13}{localhost/duocode/rest/usuarios/idUsuario}{appendix.Alph1}% 30
\BOOKMARK [2][-]{subsection.Alph1.14}{localhost/duocode/rest/envios}{appendix.Alph1}% 31
